<?xml version="1.0" encoding="UTF-8"?>
<testng-results skipped="0" failed="0" ignored="0" total="1" passed="1">
  <reporter-output>
  </reporter-output>
  <suite name="Default suite" duration-ms="32809" started-at="2020-08-28T10:53:28Z" finished-at="2020-08-28T10:54:00Z">
    <groups>
    </groups>
    <test name="Default test" duration-ms="32809" started-at="2020-08-28T10:53:28Z" finished-at="2020-08-28T10:54:00Z">
      <class name="test.ExtentReport">
        <test-method status="PASS" signature="test()[pri:0, instance:test.ExtentReport@e350b40]" name="test" duration-ms="32791" started-at="2020-08-28T16:23:28Z" finished-at="2020-08-28T16:24:00Z">
          <reporter-output>
          </reporter-output>
        </test-method> <!-- test -->
      </class> <!-- test.ExtentReport -->
    </test> <!-- Default test -->
  </suite> <!-- Default suite -->
</testng-results>
